Installing setup.
Installing filesystem.
Installing basesystem.
Installing ldconfig.
Installing glibc.
Installing shadow-utils.
Installing mktemp.
Installing termcap.
Installing libtermcap.
Installing bash.
Installing MAKEDEV.
Installing SysVinit.
Installing anacron.
Installing chkconfig.
Installing apmd.
Installing ncurses.
Installing info.
Installing fileutils.
Installing grep.
Installing ash.
Installing at.
Installing authconfig.
Installing bc.
Installing bdflush.
Installing binutils.
Installing bzip2.
Installing sed.
Installing console-tools.
Installing e2fsprogs.
Installing rmt.
Installing cpio.
Installing cracklib.
Installing cracklib-dicts.
Installing crontabs.
Installing textutils.
Installing dev.
Installing diffutils.
Installing ed.
Installing eject.
Installing etcskel.
Installing file.
Installing findutils.
Installing gawk.
Installing gd.
Installing gdbm.
Installing getty_ps.
Installing glib.
Installing gmp.
Installing gnupg.
Installing gpm.
Installing groff.
Installing gzip.
Installing hdparm.
Installing initscripts.
Installing isapnptools.
Installing kbdconfig.
Installing kernel.
Installing kernel-pcmcia-cs.
Installing kernel-smp.
Installing kernel-utils.
Installing kudzu.
Installing ld.so.
Installing less.
Installing libc.
Installing libstdc++.
Installing lilo.
Installing pwdb.
Installing pam.
Installing sh-utils.
Installing redhat-release.
Installing linuxconf.
Installing logrotate.
Installing losetup.
Installing mailcap.
Installing mailx.
Installing man.
Installing mingetty.
Installing mkbootdisk.
Installing mkinitrd.
Installing modutils.
Installing mount.
Installing mouseconfig.
Installing mt-st.
Installing ncompress.
Installing net-tools.
Installing newt.
Installing ntsysv.
Installing passwd.
Installing pciutils.
Installing popt.
Installing procmail.
Installing procps.
Installing psmisc.
Installing pump.
Installing quota.
Installing raidtools.
Installing readline.
Installing redhat-logos.
Installing rootfiles.
Installing rpm.
Installing sash.
Installing sendmail.
Installing setserial.
Installing setuptool.
Installing slang.
Installing slocate.
Installing stat.
Installing sysklogd.
Installing tar.
Installing time.
Installing timeconfig.
Installing tmpwatch.
Installing utempter.
Installing util-linux.
Installing vim-common.
Installing vim-minimal.
Installing vixie-cron.
Installing which.
Installing zlib.
